PLINK v1.90b7.2 64-bit (11 Dec 2023)
Options in effect:
  --bfile /Users/nancyh/Desktop/hartwell/TWAS/LDREF/1000G.EUR.1
  --extract /Users/nancyh/Desktop/hartwell/capstone/clumped_results_p1e-05_r20.8_valid_snps.txt
  --keep /Users/nancyh/Desktop/hartwell/capstone/validation_ids.txt
  --out /Users/nancyh/Desktop/hartwell/capstone/clumped_results_1e-05_r20.8
  --score /Users/nancyh/Desktop/hartwell/capstone/eQTL_Results_Transformed.txt 1 4 3 header

Hostname: kikusunokis-MBP.lan
Working directory: /Users/nancyh/Desktop/hartwell/capstone
Start time: Mon Nov  4 21:54:41 2024

Random number seed: 1730786081
16384 MB RAM detected; reserving 8192 MB for main workspace.
98642 variants loaded from .bim file.
489 people (0 males, 0 females, 489 ambiguous) loaded from .fam.
Ambiguous sex IDs written to
/Users/nancyh/Desktop/hartwell/capstone/clumped_results_1e-05_r20.8.nosex .
--extract: 30 variants remaining.
--keep: 34 people remaining.
Using 1 thread (no multithreaded calculations invoked).
Before main variant filters, 34 founders and 0 nonfounders present.
Calculating allele frequencies... done.
Total genotyping rate in remaining samples is exactly 1.
30 variants and 34 people pass filters and QC.
Note: No phenotypes present.
Warning: 412 lines skipped in --score file (412 due to variant ID mismatch, 0
due to allele code mismatch); see
/Users/nancyh/Desktop/hartwell/capstone/clumped_results_1e-05_r20.8.nopred for
details.
--score: 30 valid predictors loaded.
--score: Results written to
/Users/nancyh/Desktop/hartwell/capstone/clumped_results_1e-05_r20.8.profile .

End time: Mon Nov  4 21:54:41 2024
