PLINK v1.90b7.2 64-bit (11 Dec 2023)
Options in effect:
  --bfile /Users/nancyh/Desktop/hartwell/TWAS/LDREF/1000G.EUR.1
  --extract range /Users/nancyh/Desktop/hartwell/capstone/FLVCR1-AS1_coord.txt
  --make-bed
  --out /Users/nancyh/Desktop/hartwell/capstone/1000G.EUR.1.FLVCR1-AS1

Hostname: kikusunokis-MacBook-Pro.local
Working directory: /Users/nancyh/Desktop/hartwell/capstone
Start time: Wed Oct 30 10:58:58 2024

Random number seed: 1730311138
16384 MB RAM detected; reserving 8192 MB for main workspace.
98642 variants loaded from .bim file.
489 people (0 males, 0 females, 489 ambiguous) loaded from .fam.
Ambiguous sex IDs written to
/Users/nancyh/Desktop/hartwell/capstone/1000G.EUR.1.FLVCR1-AS1.nosex .
--extract range: 98200 variants excluded.
--extract range: 442 variants remaining.
Using 1 thread (no multithreaded calculations invoked).
Before main variant filters, 489 founders and 0 nonfounders present.
Calculating allele frequencies... done.
Total genotyping rate is exactly 1.
442 variants and 489 people pass filters and QC.
Note: No phenotypes present.
--make-bed to
/Users/nancyh/Desktop/hartwell/capstone/1000G.EUR.1.FLVCR1-AS1.bed +
/Users/nancyh/Desktop/hartwell/capstone/1000G.EUR.1.FLVCR1-AS1.bim +
/Users/nancyh/Desktop/hartwell/capstone/1000G.EUR.1.FLVCR1-AS1.fam ... done.

End time: Wed Oct 30 10:58:58 2024
